2022-12-06 09:50:34.164  INFO 182776 --- [main] c.m.postgress.test.SupplyServiceTest     : Starting SupplyServiceTest using Java 11.0.17 on U-Sujan with PID 182776 (started by sujan in /home/sujan/Documents/restPostgres)
2022-12-06 09:50:34.195  INFO 182776 --- [main] c.m.postgress.test.SupplyServiceTest     : No active profile set, falling back to 1 default profile: "default"
2022-12-06 09:50:44.991  INFO 182776 --- [main] c.m.postgress.test.SupplyServiceTest     : Started SupplyServiceTest in 11.683 seconds (JVM running for 13.335)
2022-12-06 09:52:02.353  INFO 182976 --- [main] c.m.postgress.test.SupplyServiceTest     : Starting SupplyServiceTest using Java 11.0.17 on U-Sujan with PID 182976 (started by sujan in /home/sujan/Documents/restPostgres)
2022-12-06 09:52:02.356  INFO 182976 --- [main] c.m.postgress.test.SupplyServiceTest     : No active profile set, falling back to 1 default profile: "default"
2022-12-06 09:52:13.107  INFO 182976 --- [main] c.m.postgress.test.SupplyServiceTest     : Started SupplyServiceTest in 11.588 seconds (JVM running for 13.195)
2022-12-06 09:53:50.598  INFO 183099 --- [main] c.m.postgress.test.SupplyServiceTest     : Starting SupplyServiceTest using Java 11.0.17 on U-Sujan with PID 183099 (started by sujan in /home/sujan/Documents/restPostgres)
2022-12-06 09:53:50.601  INFO 183099 --- [main] c.m.postgress.test.SupplyServiceTest     : No active profile set, falling back to 1 default profile: "default"
2022-12-06 09:53:51.847  INFO 183099 --- [main] c.m.postgress.test.SupplyServiceTest     : Started SupplyServiceTest in 1.998 seconds (JVM running for 3.437)
2022-12-06 10:02:55.415  INFO 183648 --- [main] c.m.postgress.test.SupplyServiceTest     : Starting SupplyServiceTest using Java 11.0.17 on U-Sujan with PID 183648 (started by sujan in /home/sujan/Documents/restPostgres)
2022-12-06 10:02:55.418  INFO 183648 --- [main] c.m.postgress.test.SupplyServiceTest     : No active profile set, falling back to 1 default profile: "default"
2022-12-06 10:02:56.723  INFO 183648 --- [main] c.m.postgress.test.SupplyServiceTest     : Started SupplyServiceTest in 2.038 seconds (JVM running for 3.38)
2022-12-06 10:04:01.509  INFO 183742 --- [main] c.m.postgress.test.SupplyServiceTest     : Starting SupplyServiceTest using Java 11.0.17 on U-Sujan with PID 183742 (started by sujan in /home/sujan/Documents/restPostgres)
2022-12-06 10:04:01.512  INFO 183742 --- [main] c.m.postgress.test.SupplyServiceTest     : No active profile set, falling back to 1 default profile: "default"
2022-12-06 10:04:02.722  INFO 183742 --- [main] c.m.postgress.test.SupplyServiceTest     : Started SupplyServiceTest in 1.975 seconds (JVM running for 3.448)
2022-12-06 10:05:09.737  INFO 183854 --- [main] c.m.postgress.test.SupplyServiceTest     : Starting SupplyServiceTest using Java 11.0.17 on U-Sujan with PID 183854 (started by sujan in /home/sujan/Documents/restPostgres)
2022-12-06 10:05:09.740  INFO 183854 --- [main] c.m.postgress.test.SupplyServiceTest     : No active profile set, falling back to 1 default profile: "default"
2022-12-06 10:05:11.029  INFO 183854 --- [main] c.m.postgress.test.SupplyServiceTest     : Started SupplyServiceTest in 2.063 seconds (JVM running for 3.405)
2022-12-06 10:05:21.140  INFO 183938 --- [main] c.m.postgress.test.SupplyServiceTest     : Starting SupplyServiceTest using Java 11.0.17 on U-Sujan with PID 183938 (started by sujan in /home/sujan/Documents/restPostgres)
2022-12-06 10:05:21.142  INFO 183938 --- [main] c.m.postgress.test.SupplyServiceTest     : No active profile set, falling back to 1 default profile: "default"
2022-12-06 10:05:22.488  INFO 183938 --- [main] c.m.postgress.test.SupplyServiceTest     : Started SupplyServiceTest in 2.082 seconds (JVM running for 3.467)
2022-12-06 10:10:20.701  INFO 184069 --- [main] c.m.postgress.test.SupplyServiceTest     : Starting SupplyServiceTest using Java 11.0.17 on U-Sujan with PID 184069 (started by sujan in /home/sujan/Documents/restPostgres)
2022-12-06 10:10:20.704  INFO 184069 --- [main] c.m.postgress.test.SupplyServiceTest     : No active profile set, falling back to 1 default profile: "default"
2022-12-06 10:10:22.011  INFO 184069 --- [main] c.m.postgress.test.SupplyServiceTest     : Started SupplyServiceTest in 2.047 seconds (JVM running for 3.386)
2022-12-06 10:11:11.930  INFO 184165 --- [main] c.m.postgress.test.SupplyServiceTest     : Starting SupplyServiceTest using Java 11.0.17 on U-Sujan with PID 184165 (started by sujan in /home/sujan/Documents/restPostgres)
2022-12-06 10:11:11.934  INFO 184165 --- [main] c.m.postgress.test.SupplyServiceTest     : No active profile set, falling back to 1 default profile: "default"
2022-12-06 10:11:13.325  INFO 184165 --- [main] c.m.postgress.test.SupplyServiceTest     : Started SupplyServiceTest in 2.138 seconds (JVM running for 3.532)
2022-12-06 10:13:28.275  INFO 184278 --- [main] c.m.postgress.test.SupplyServiceTest     : Starting SupplyServiceTest using Java 11.0.17 on U-Sujan with PID 184278 (started by sujan in /home/sujan/Documents/restPostgres)
2022-12-06 10:13:28.278  INFO 184278 --- [main] c.m.postgress.test.SupplyServiceTest     : No active profile set, falling back to 1 default profile: "default"
2022-12-06 10:13:29.540  INFO 184278 --- [main] c.m.postgress.test.SupplyServiceTest     : Started SupplyServiceTest in 1.979 seconds (JVM running for 3.362)
2022-12-06 10:13:50.366  INFO 184358 --- [main] c.m.postgress.test.SupplyServiceTest     : Starting SupplyServiceTest using Java 11.0.17 on U-Sujan with PID 184358 (started by sujan in /home/sujan/Documents/restPostgres)
2022-12-06 10:13:50.369  INFO 184358 --- [main] c.m.postgress.test.SupplyServiceTest     : No active profile set, falling back to 1 default profile: "default"
2022-12-06 10:14:01.323  INFO 184358 --- [main] c.m.postgress.test.SupplyServiceTest     : Started SupplyServiceTest in 11.786 seconds (JVM running for 13.304)
2022-12-06 10:16:52.249  INFO 184474 --- [main] c.m.postgress.test.SupplyServiceTest     : Starting SupplyServiceTest using Java 11.0.17 on U-Sujan with PID 184474 (started by sujan in /home/sujan/Documents/restPostgres)
2022-12-06 10:16:52.252  INFO 184474 --- [main] c.m.postgress.test.SupplyServiceTest     : No active profile set, falling back to 1 default profile: "default"
2022-12-06 10:17:03.234  INFO 184474 --- [main] c.m.postgress.test.SupplyServiceTest     : Started SupplyServiceTest in 11.822 seconds (JVM running for 13.412)
2022-12-06 10:29:06.234  INFO 184935 --- [main] c.m.postgress.test.SupplyControllerTest  : Starting SupplyControllerTest using Java 11.0.17 on U-Sujan with PID 184935 (started by sujan in /home/sujan/Documents/restPostgres)
2022-12-06 10:29:06.236  INFO 184935 --- [main] c.m.postgress.test.SupplyControllerTest  : No active profile set, falling back to 1 default profile: "default"
2022-12-06 10:29:07.332  INFO 184935 --- [main] c.m.postgress.test.SupplyControllerTest  : Started SupplyControllerTest in 1.843 seconds (JVM running for 3.34)
2022-12-06 10:37:47.587  INFO 185212 --- [main] c.m.postgress.test.SupplyControllerTest  : Starting SupplyControllerTest using Java 11.0.17 on U-Sujan with PID 185212 (started by sujan in /home/sujan/Documents/restPostgres)
2022-12-06 10:37:47.592  INFO 185212 --- [main] c.m.postgress.test.SupplyControllerTest  : No active profile set, falling back to 1 default profile: "default"
2022-12-06 10:37:49.002  INFO 185212 --- [main] c.m.postgress.test.SupplyControllerTest  : Started SupplyControllerTest in 2.273 seconds (JVM running for 3.744)
2022-12-06 10:37:50.858  INFO 185281 --- [main] c.m.postgress.test.DemandControllerTest  : Starting DemandControllerTest using Java 11.0.17 on U-Sujan with PID 185281 (started by sujan in /home/sujan/Documents/restPostgres)
2022-12-06 10:37:50.861  INFO 185281 --- [main] c.m.postgress.test.DemandControllerTest  : No active profile set, falling back to 1 default profile: "default"
2022-12-06 10:37:51.822  WARN 185281 --- [main] o.s.w.c.s.GenericWebApplicationContext   : Exception encountered during context initialization - cancelling refresh attempt: org.springframework.beans.factory.UnsatisfiedDependencyException: Error creating bean with name 'supplyController': Unsatisfied dependency expressed through field 'supplyService'; nested exception is org.springframework.beans.factory.NoSuchBeanDefinitionException: No qualifying bean of type 'com.mdsujan.restPostgres.service.SupplyService' available: expected at least 1 bean which qualifies as autowire candidate. Dependency annotations: {@org.springframework.beans.factory.annotation.Autowired(required=true)}
2022-12-06 10:37:51.863 ERROR 185281 --- [main] o.s.b.d.LoggingFailureAnalysisReporter   : 

***************************
APPLICATION FAILED TO START
***************************

Description:

Field supplyService in com.mdsujan.restPostgres.controller.SupplyController required a bean of type 'com.mdsujan.restPostgres.service.SupplyService' that could not be found.

The injection point has the following annotations:
	- @org.springframework.beans.factory.annotation.Autowired(required=true)


Action:

Consider defining a bean of type 'com.mdsujan.restPostgres.service.SupplyService' in your configuration.

2022-12-06 10:37:51.870 ERROR 185281 --- [main] o.s.test.context.TestContextManager      : Caught exception while allowing TestExecutionListener [org.springframework.test.context.web.ServletTestExecutionListener@5fd4f8f5] to prepare test instance [com.mdsujan.postgress.test.DemandControllerTest@7fb33394]

java.lang.IllegalStateException: Failed to load ApplicationContext
	at org.springframework.test.context.cache.DefaultCacheAwareContextLoaderDelegate.loadContext(DefaultCacheAwareContextLoaderDelegate.java:98) ~[spring-test-5.3.23.jar:5.3.23]
	at org.springframework.test.context.support.DefaultTestContext.getApplicationContext(DefaultTestContext.java:124) ~[spring-test-5.3.23.jar:5.3.23]
	at org.springframework.test.context.web.ServletTestExecutionListener.setUpRequestContextIfNecessary(ServletTestExecutionListener.java:190) ~[spring-test-5.3.23.jar:5.3.23]
	at org.springframework.test.context.web.ServletTestExecutionListener.prepareTestInstance(ServletTestExecutionListener.java:132) ~[spring-test-5.3.23.jar:5.3.23]
	at org.springframework.test.context.TestContextManager.prepareTestInstance(TestContextManager.java:248) ~[spring-test-5.3.23.jar:5.3.23]
	at org.springframework.test.context.junit4.SpringJUnit4ClassRunner.createTest(SpringJUnit4ClassRunner.java:227) ~[spring-test-5.3.23.jar:5.3.23]
	at org.springframework.test.context.junit4.SpringJUnit4ClassRunner$1.runReflectiveCall(SpringJUnit4ClassRunner.java:289) ~[spring-test-5.3.23.jar:5.3.23]
	at org.junit.internal.runners.model.ReflectiveCallable.run(ReflectiveCallable.java:12) ~[junit-4.13.2.jar:4.13.2]
	at org.springframework.test.context.junit4.SpringJUnit4ClassRunner.methodBlock(SpringJUnit4ClassRunner.java:291) ~[spring-test-5.3.23.jar:5.3.23]
	at org.springframework.test.context.junit4.SpringJUnit4ClassRunner.runChild(SpringJUnit4ClassRunner.java:246) ~[spring-test-5.3.23.jar:5.3.23]
	at org.springframework.test.context.junit4.SpringJUnit4ClassRunner.runChild(SpringJUnit4ClassRunner.java:97) ~[spring-test-5.3.23.jar:5.3.23]
	at org.junit.runners.ParentRunner$4.run(ParentRunner.java:331) ~[junit-4.13.2.jar:4.13.2]
	at org.junit.runners.ParentRunner$1.schedule(ParentRunner.java:79) ~[junit-4.13.2.jar:4.13.2]
	at org.junit.runners.ParentRunner.runChildren(ParentRunner.java:329) ~[junit-4.13.2.jar:4.13.2]
	at org.junit.runners.ParentRunner.access$100(ParentRunner.java:66) ~[junit-4.13.2.jar:4.13.2]
	at org.junit.runners.ParentRunner$2.evaluate(ParentRunner.java:293) ~[junit-4.13.2.jar:4.13.2]
	at org.springframework.test.context.junit4.statements.RunBeforeTestClassCallbacks.evaluate(RunBeforeTestClassCallbacks.java:61) ~[spring-test-5.3.23.jar:5.3.23]
	at org.springframework.test.context.junit4.statements.RunAfterTestClassCallbacks.evaluate(RunAfterTestClassCallbacks.java:70) ~[spring-test-5.3.23.jar:5.3.23]
	at org.junit.runners.ParentRunner$3.evaluate(ParentRunner.java:306) ~[junit-4.13.2.jar:4.13.2]
	at org.junit.runners.ParentRunner.run(ParentRunner.java:413) ~[junit-4.13.2.jar:4.13.2]
	at org.springframework.test.context.junit4.SpringJUnit4ClassRunner.run(SpringJUnit4ClassRunner.java:190) ~[spring-test-5.3.23.jar:5.3.23]
	at org.junit.runner.JUnitCore.run(JUnitCore.java:137) ~[junit-4.13.2.jar:4.13.2]
	at com.intellij.junit4.JUnit4IdeaTestRunner.startRunnerWithArgs(JUnit4IdeaTestRunner.java:69) ~[junit-rt.jar:na]
	at com.intellij.rt.junit.IdeaTestRunner$Repeater$1.execute(IdeaTestRunner.java:38) ~[junit-rt.jar:na]
	at com.intellij.rt.execution.junit.TestsRepeater.repeat(TestsRepeater.java:11) ~[idea_rt.jar:na]
	at com.intellij.rt.junit.IdeaTestRunner$Repeater.startRunnerWithArgs(IdeaTestRunner.java:35) ~[junit-rt.jar:na]
	at com.intellij.rt.junit.JUnitStarter.prepareStreamsAndStart(JUnitStarter.java:235) ~[junit-rt.jar:na]
	at com.intellij.rt.junit.JUnitStarter.main(JUnitStarter.java:54) ~[junit-rt.jar:na]
Caused by: org.springframework.beans.factory.UnsatisfiedDependencyException: Error creating bean with name 'supplyController': Unsatisfied dependency expressed through field 'supplyService'; nested exception is org.springframework.beans.factory.NoSuchBeanDefinitionException: No qualifying bean of type 'com.mdsujan.restPostgres.service.SupplyService' available: expected at least 1 bean which qualifies as autowire candidate. Dependency annotations: {@org.springframework.beans.factory.annotation.Autowired(required=true)}
	at org.springframework.beans.factory.annotation.AutowiredAnnotationBeanPostProcessor$AutowiredFieldElement.resolveFieldValue(AutowiredAnnotationBeanPostProcessor.java:659) ~[spring-beans-5.3.23.jar:5.3.23]
	at org.springframework.beans.factory.annotation.AutowiredAnnotationBeanPostProcessor$AutowiredFieldElement.inject(AutowiredAnnotationBeanPostProcessor.java:639) ~[spring-beans-5.3.23.jar:5.3.23]
	at org.springframework.beans.factory.annotation.InjectionMetadata.inject(InjectionMetadata.java:119) ~[spring-beans-5.3.23.jar:5.3.23]
	at org.springframework.beans.factory.annotation.AutowiredAnnotationBeanPostProcessor.postProcessProperties(AutowiredAnnotationBeanPostProcessor.java:399) ~[spring-beans-5.3.23.jar:5.3.23]
	at org.springframework.beans.factory.support.AbstractAutowireCapableBeanFactory.populateBean(AbstractAutowireCapableBeanFactory.java:1431) ~[spring-beans-5.3.23.jar:5.3.23]
	at org.springframework.beans.factory.support.AbstractAutowireCapableBeanFactory.doCreateBean(AbstractAutowireCapableBeanFactory.java:619) ~[spring-beans-5.3.23.jar:5.3.23]
	at org.springframework.beans.factory.support.AbstractAutowireCapableBeanFactory.createBean(AbstractAutowireCapableBeanFactory.java:542) ~[spring-beans-5.3.23.jar:5.3.23]
	at org.springframework.beans.factory.support.AbstractBeanFactory.lambda$doGetBean$0(AbstractBeanFactory.java:335) ~[spring-beans-5.3.23.jar:5.3.23]
	at org.springframework.beans.factory.support.DefaultSingletonBeanRegistry.getSingleton(DefaultSingletonBeanRegistry.java:234) ~[spring-beans-5.3.23.jar:5.3.23]
	at org.springframework.beans.factory.support.AbstractBeanFactory.doGetBean(AbstractBeanFactory.java:333) ~[spring-beans-5.3.23.jar:5.3.23]
	at org.springframework.beans.factory.support.AbstractBeanFactory.getBean(AbstractBeanFactory.java:208) ~[spring-beans-5.3.23.jar:5.3.23]
	at org.springframework.beans.factory.support.DefaultListableBeanFactory.preInstantiateSingletons(DefaultListableBeanFactory.java:955) ~[spring-beans-5.3.23.jar:5.3.23]
	at org.springframework.context.support.AbstractApplicationContext.finishBeanFactoryInitialization(AbstractApplicationContext.java:918) ~[spring-context-5.3.23.jar:5.3.23]
	at org.springframework.context.support.AbstractApplicationContext.refresh(AbstractApplicationContext.java:583) ~[spring-context-5.3.23.jar:5.3.23]
	at org.springframework.boot.SpringApplication.refresh(SpringApplication.java:734) ~[spring-boot-2.7.5.jar:2.7.5]
	at org.springframework.boot.SpringApplication.refreshContext(SpringApplication.java:408) ~[spring-boot-2.7.5.jar:2.7.5]
	at org.springframework.boot.SpringApplication.run(SpringApplication.java:308) ~[spring-boot-2.7.5.jar:2.7.5]
	at org.springframework.boot.test.context.SpringBootContextLoader.loadContext(SpringBootContextLoader.java:132) ~[spring-boot-test-2.7.5.jar:2.7.5]
	at org.springframework.test.context.cache.DefaultCacheAwareContextLoaderDelegate.loadContextInternal(DefaultCacheAwareContextLoaderDelegate.java:141) ~[spring-test-5.3.23.jar:5.3.23]
	at org.springframework.test.context.cache.DefaultCacheAwareContextLoaderDelegate.loadContext(DefaultCacheAwareContextLoaderDelegate.java:90) ~[spring-test-5.3.23.jar:5.3.23]
	... 27 common frames omitted
Caused by: org.springframework.beans.factory.NoSuchBeanDefinitionException: No qualifying bean of type 'com.mdsujan.restPostgres.service.SupplyService' available: expected at least 1 bean which qualifies as autowire candidate. Dependency annotations: {@org.springframework.beans.factory.annotation.Autowired(required=true)}
	at org.springframework.beans.factory.support.DefaultListableBeanFactory.raiseNoMatchingBeanFound(DefaultListableBeanFactory.java:1801) ~[spring-beans-5.3.23.jar:5.3.23]
	at org.springframework.beans.factory.support.DefaultListableBeanFactory.doResolveDependency(DefaultListableBeanFactory.java:1357) ~[spring-beans-5.3.23.jar:5.3.23]
	at org.springframework.beans.factory.support.DefaultListableBeanFactory.resolveDependency(DefaultListableBeanFactory.java:1311) ~[spring-beans-5.3.23.jar:5.3.23]
	at org.springframework.beans.factory.annotation.AutowiredAnnotationBeanPostProcessor$AutowiredFieldElement.resolveFieldValue(AutowiredAnnotationBeanPostProcessor.java:656) ~[spring-beans-5.3.23.jar:5.3.23]
	... 46 common frames omitted

2022-12-06 10:37:51.952  INFO 185281 --- [main] c.m.postgress.test.DemandControllerTest  : Starting DemandControllerTest using Java 11.0.17 on U-Sujan with PID 185281 (started by sujan in /home/sujan/Documents/restPostgres)
2022-12-06 10:37:51.953  INFO 185281 --- [main] c.m.postgress.test.DemandControllerTest  : No active profile set, falling back to 1 default profile: "default"
2022-12-06 10:37:51.980  WARN 185281 --- [main] o.s.w.c.s.GenericWebApplicationContext   : Exception encountered during context initialization - cancelling refresh attempt: org.springframework.beans.factory.UnsatisfiedDependencyException: Error creating bean with name 'supplyController': Unsatisfied dependency expressed through field 'supplyService'; nested exception is org.springframework.beans.factory.NoSuchBeanDefinitionException: No qualifying bean of type 'com.mdsujan.restPostgres.service.SupplyService' available: expected at least 1 bean which qualifies as autowire candidate. Dependency annotations: {@org.springframework.beans.factory.annotation.Autowired(required=true)}
2022-12-06 10:37:51.986 ERROR 185281 --- [main] o.s.b.d.LoggingFailureAnalysisReporter   : 

***************************
APPLICATION FAILED TO START
***************************

Description:

Field supplyService in com.mdsujan.restPostgres.controller.SupplyController required a bean of type 'com.mdsujan.restPostgres.service.SupplyService' that could not be found.

The injection point has the following annotations:
	- @org.springframework.beans.factory.annotation.Autowired(required=true)


Action:

Consider defining a bean of type 'com.mdsujan.restPostgres.service.SupplyService' in your configuration.

2022-12-06 10:37:51.987 ERROR 185281 --- [main] o.s.test.context.TestContextManager      : Caught exception while allowing TestExecutionListener [org.springframework.test.context.web.ServletTestExecutionListener@5fd4f8f5] to prepare test instance [com.mdsujan.postgress.test.DemandControllerTest@112d1c8e]

java.lang.IllegalStateException: Failed to load ApplicationContext
	at org.springframework.test.context.cache.DefaultCacheAwareContextLoaderDelegate.loadContext(DefaultCacheAwareContextLoaderDelegate.java:98) ~[spring-test-5.3.23.jar:5.3.23]
	at org.springframework.test.context.support.DefaultTestContext.getApplicationContext(DefaultTestContext.java:124) ~[spring-test-5.3.23.jar:5.3.23]
	at org.springframework.test.context.web.ServletTestExecutionListener.setUpRequestContextIfNecessary(ServletTestExecutionListener.java:190) ~[spring-test-5.3.23.jar:5.3.23]
	at org.springframework.test.context.web.ServletTestExecutionListener.prepareTestInstance(ServletTestExecutionListener.java:132) ~[spring-test-5.3.23.jar:5.3.23]
	at org.springframework.test.context.TestContextManager.prepareTestInstance(TestContextManager.java:248) ~[spring-test-5.3.23.jar:5.3.23]
	at org.springframework.test.context.junit4.SpringJUnit4ClassRunner.createTest(SpringJUnit4ClassRunner.java:227) ~[spring-test-5.3.23.jar:5.3.23]
	at org.springframework.test.context.junit4.SpringJUnit4ClassRunner$1.runReflectiveCall(SpringJUnit4ClassRunner.java:289) ~[spring-test-5.3.23.jar:5.3.23]
	at org.junit.internal.runners.model.ReflectiveCallable.run(ReflectiveCallable.java:12) ~[junit-4.13.2.jar:4.13.2]
	at org.springframework.test.context.junit4.SpringJUnit4ClassRunner.methodBlock(SpringJUnit4ClassRunner.java:291) ~[spring-test-5.3.23.jar:5.3.23]
	at org.springframework.test.context.junit4.SpringJUnit4ClassRunner.runChild(SpringJUnit4ClassRunner.java:246) ~[spring-test-5.3.23.jar:5.3.23]
	at org.springframework.test.context.junit4.SpringJUnit4ClassRunner.runChild(SpringJUnit4ClassRunner.java:97) ~[spring-test-5.3.23.jar:5.3.23]
	at org.junit.runners.ParentRunner$4.run(ParentRunner.java:331) ~[junit-4.13.2.jar:4.13.2]
	at org.junit.runners.ParentRunner$1.schedule(ParentRunner.java:79) ~[junit-4.13.2.jar:4.13.2]
	at org.junit.runners.ParentRunner.runChildren(ParentRunner.java:329) ~[junit-4.13.2.jar:4.13.2]
	at org.junit.runners.ParentRunner.access$100(ParentRunner.java:66) ~[junit-4.13.2.jar:4.13.2]
	at org.junit.runners.ParentRunner$2.evaluate(ParentRunner.java:293) ~[junit-4.13.2.jar:4.13.2]
	at org.springframework.test.context.junit4.statements.RunBeforeTestClassCallbacks.evaluate(RunBeforeTestClassCallbacks.java:61) ~[spring-test-5.3.23.jar:5.3.23]
	at org.springframework.test.context.junit4.statements.RunAfterTestClassCallbacks.evaluate(RunAfterTestClassCallbacks.java:70) ~[spring-test-5.3.23.jar:5.3.23]
	at org.junit.runners.ParentRunner$3.evaluate(ParentRunner.java:306) ~[junit-4.13.2.jar:4.13.2]
	at org.junit.runners.ParentRunner.run(ParentRunner.java:413) ~[junit-4.13.2.jar:4.13.2]
	at org.springframework.test.context.junit4.SpringJUnit4ClassRunner.run(SpringJUnit4ClassRunner.java:190) ~[spring-test-5.3.23.jar:5.3.23]
	at org.junit.runner.JUnitCore.run(JUnitCore.java:137) ~[junit-4.13.2.jar:4.13.2]
	at com.intellij.junit4.JUnit4IdeaTestRunner.startRunnerWithArgs(JUnit4IdeaTestRunner.java:69) ~[junit-rt.jar:na]
	at com.intellij.rt.junit.IdeaTestRunner$Repeater$1.execute(IdeaTestRunner.java:38) ~[junit-rt.jar:na]
	at com.intellij.rt.execution.junit.TestsRepeater.repeat(TestsRepeater.java:11) ~[idea_rt.jar:na]
	at com.intellij.rt.junit.IdeaTestRunner$Repeater.startRunnerWithArgs(IdeaTestRunner.java:35) ~[junit-rt.jar:na]
	at com.intellij.rt.junit.JUnitStarter.prepareStreamsAndStart(JUnitStarter.java:235) ~[junit-rt.jar:na]
	at com.intellij.rt.junit.JUnitStarter.main(JUnitStarter.java:54) ~[junit-rt.jar:na]
Caused by: org.springframework.beans.factory.UnsatisfiedDependencyException: Error creating bean with name 'supplyController': Unsatisfied dependency expressed through field 'supplyService'; nested exception is org.springframework.beans.factory.NoSuchBeanDefinitionException: No qualifying bean of type 'com.mdsujan.restPostgres.service.SupplyService' available: expected at least 1 bean which qualifies as autowire candidate. Dependency annotations: {@org.springframework.beans.factory.annotation.Autowired(required=true)}
	at org.springframework.beans.factory.annotation.AutowiredAnnotationBeanPostProcessor$AutowiredFieldElement.resolveFieldValue(AutowiredAnnotationBeanPostProcessor.java:659) ~[spring-beans-5.3.23.jar:5.3.23]
	at org.springframework.beans.factory.annotation.AutowiredAnnotationBeanPostProcessor$AutowiredFieldElement.inject(AutowiredAnnotationBeanPostProcessor.java:639) ~[spring-beans-5.3.23.jar:5.3.23]
	at org.springframework.beans.factory.annotation.InjectionMetadata.inject(InjectionMetadata.java:119) ~[spring-beans-5.3.23.jar:5.3.23]
	at org.springframework.beans.factory.annotation.AutowiredAnnotationBeanPostProcessor.postProcessProperties(AutowiredAnnotationBeanPostProcessor.java:399) ~[spring-beans-5.3.23.jar:5.3.23]
	at org.springframework.beans.factory.support.AbstractAutowireCapableBeanFactory.populateBean(AbstractAutowireCapableBeanFactory.java:1431) ~[spring-beans-5.3.23.jar:5.3.23]
	at org.springframework.beans.factory.support.AbstractAutowireCapableBeanFactory.doCreateBean(AbstractAutowireCapableBeanFactory.java:619) ~[spring-beans-5.3.23.jar:5.3.23]
	at org.springframework.beans.factory.support.AbstractAutowireCapableBeanFactory.createBean(AbstractAutowireCapableBeanFactory.java:542) ~[spring-beans-5.3.23.jar:5.3.23]
	at org.springframework.beans.factory.support.AbstractBeanFactory.lambda$doGetBean$0(AbstractBeanFactory.java:335) ~[spring-beans-5.3.23.jar:5.3.23]
	at org.springframework.beans.factory.support.DefaultSingletonBeanRegistry.getSingleton(DefaultSingletonBeanRegistry.java:234) ~[spring-beans-5.3.23.jar:5.3.23]
	at org.springframework.beans.factory.support.AbstractBeanFactory.doGetBean(AbstractBeanFactory.java:333) ~[spring-beans-5.3.23.jar:5.3.23]
	at org.springframework.beans.factory.support.AbstractBeanFactory.getBean(AbstractBeanFactory.java:208) ~[spring-beans-5.3.23.jar:5.3.23]
	at org.springframework.beans.factory.support.DefaultListableBeanFactory.preInstantiateSingletons(DefaultListableBeanFactory.java:955) ~[spring-beans-5.3.23.jar:5.3.23]
	at org.springframework.context.support.AbstractApplicationContext.finishBeanFactoryInitialization(AbstractApplicationContext.java:918) ~[spring-context-5.3.23.jar:5.3.23]
	at org.springframework.context.support.AbstractApplicationContext.refresh(AbstractApplicationContext.java:583) ~[spring-context-5.3.23.jar:5.3.23]
	at org.springframework.boot.SpringApplication.refresh(SpringApplication.java:734) ~[spring-boot-2.7.5.jar:2.7.5]
	at org.springframework.boot.SpringApplication.refreshContext(SpringApplication.java:408) ~[spring-boot-2.7.5.jar:2.7.5]
	at org.springframework.boot.SpringApplication.run(SpringApplication.java:308) ~[spring-boot-2.7.5.jar:2.7.5]
	at org.springframework.boot.test.context.SpringBootContextLoader.loadContext(SpringBootContextLoader.java:132) ~[spring-boot-test-2.7.5.jar:2.7.5]
	at org.springframework.test.context.cache.DefaultCacheAwareContextLoaderDelegate.loadContextInternal(DefaultCacheAwareContextLoaderDelegate.java:141) ~[spring-test-5.3.23.jar:5.3.23]
	at org.springframework.test.context.cache.DefaultCacheAwareContextLoaderDelegate.loadContext(DefaultCacheAwareContextLoaderDelegate.java:90) ~[spring-test-5.3.23.jar:5.3.23]
	... 27 common frames omitted
Caused by: org.springframework.beans.factory.NoSuchBeanDefinitionException: No qualifying bean of type 'com.mdsujan.restPostgres.service.SupplyService' available: expected at least 1 bean which qualifies as autowire candidate. Dependency annotations: {@org.springframework.beans.factory.annotation.Autowired(required=true)}
	at org.springframework.beans.factory.support.DefaultListableBeanFactory.raiseNoMatchingBeanFound(DefaultListableBeanFactory.java:1801) ~[spring-beans-5.3.23.jar:5.3.23]
	at org.springframework.beans.factory.support.DefaultListableBeanFactory.doResolveDependency(DefaultListableBeanFactory.java:1357) ~[spring-beans-5.3.23.jar:5.3.23]
	at org.springframework.beans.factory.support.DefaultListableBeanFactory.resolveDependency(DefaultListableBeanFactory.java:1311) ~[spring-beans-5.3.23.jar:5.3.23]
	at org.springframework.beans.factory.annotation.AutowiredAnnotationBeanPostProcessor$AutowiredFieldElement.resolveFieldValue(AutowiredAnnotationBeanPostProcessor.java:656) ~[spring-beans-5.3.23.jar:5.3.23]
	... 46 common frames omitted

2022-12-06 10:48:29.792  INFO 186318 --- [main] c.m.postgress.test.DemandControllerTest  : Starting DemandControllerTest using Java 11.0.17 on U-Sujan with PID 186318 (started by sujan in /home/sujan/Documents/restPostgres)
2022-12-06 10:48:29.795  INFO 186318 --- [main] c.m.postgress.test.DemandControllerTest  : No active profile set, falling back to 1 default profile: "default"
2022-12-06 10:48:30.836  WARN 186318 --- [main] o.s.w.c.s.GenericWebApplicationContext   : Exception encountered during context initialization - cancelling refresh attempt: org.springframework.beans.factory.UnsatisfiedDependencyException: Error creating bean with name 'supplyController': Unsatisfied dependency expressed through field 'supplyService'; nested exception is org.springframework.beans.factory.NoSuchBeanDefinitionException: No qualifying bean of type 'com.mdsujan.restPostgres.service.SupplyService' available: expected at least 1 bean which qualifies as autowire candidate. Dependency annotations: {@org.springframework.beans.factory.annotation.Autowired(required=true)}
2022-12-06 10:48:30.877 ERROR 186318 --- [main] o.s.b.d.LoggingFailureAnalysisReporter   : 

***************************
APPLICATION FAILED TO START
***************************

Description:

Field supplyService in com.mdsujan.restPostgres.controller.SupplyController required a bean of type 'com.mdsujan.restPostgres.service.SupplyService' that could not be found.

The injection point has the following annotations:
	- @org.springframework.beans.factory.annotation.Autowired(required=true)


Action:

Consider defining a bean of type 'com.mdsujan.restPostgres.service.SupplyService' in your configuration.

2022-12-06 10:48:30.883 ERROR 186318 --- [main] o.s.test.context.TestContextManager      : Caught exception while allowing TestExecutionListener [org.springframework.test.context.web.ServletTestExecutionListener@1e6454ec] to prepare test instance [com.mdsujan.postgress.test.DemandControllerTest@1640c151]

java.lang.IllegalStateException: Failed to load ApplicationContext
	at org.springframework.test.context.cache.DefaultCacheAwareContextLoaderDelegate.loadContext(DefaultCacheAwareContextLoaderDelegate.java:98) ~[spring-test-5.3.23.jar:5.3.23]
	at org.springframework.test.context.support.DefaultTestContext.getApplicationContext(DefaultTestContext.java:124) ~[spring-test-5.3.23.jar:5.3.23]
	at org.springframework.test.context.web.ServletTestExecutionListener.setUpRequestContextIfNecessary(ServletTestExecutionListener.java:190) ~[spring-test-5.3.23.jar:5.3.23]
	at org.springframework.test.context.web.ServletTestExecutionListener.prepareTestInstance(ServletTestExecutionListener.java:132) ~[spring-test-5.3.23.jar:5.3.23]
	at org.springframework.test.context.TestContextManager.prepareTestInstance(TestContextManager.java:248) ~[spring-test-5.3.23.jar:5.3.23]
	at org.springframework.test.context.junit4.SpringJUnit4ClassRunner.createTest(SpringJUnit4ClassRunner.java:227) ~[spring-test-5.3.23.jar:5.3.23]
	at org.springframework.test.context.junit4.SpringJUnit4ClassRunner$1.runReflectiveCall(SpringJUnit4ClassRunner.java:289) ~[spring-test-5.3.23.jar:5.3.23]
	at org.junit.internal.runners.model.ReflectiveCallable.run(ReflectiveCallable.java:12) ~[junit-4.13.2.jar:4.13.2]
	at org.springframework.test.context.junit4.SpringJUnit4ClassRunner.methodBlock(SpringJUnit4ClassRunner.java:291) ~[spring-test-5.3.23.jar:5.3.23]
	at org.springframework.test.context.junit4.SpringJUnit4ClassRunner.runChild(SpringJUnit4ClassRunner.java:246) ~[spring-test-5.3.23.jar:5.3.23]
	at org.springframework.test.context.junit4.SpringJUnit4ClassRunner.runChild(SpringJUnit4ClassRunner.java:97) ~[spring-test-5.3.23.jar:5.3.23]
	at org.junit.runners.ParentRunner$4.run(ParentRunner.java:331) ~[junit-4.13.2.jar:4.13.2]
	at org.junit.runners.ParentRunner$1.schedule(ParentRunner.java:79) ~[junit-4.13.2.jar:4.13.2]
	at org.junit.runners.ParentRunner.runChildren(ParentRunner.java:329) ~[junit-4.13.2.jar:4.13.2]
	at org.junit.runners.ParentRunner.access$100(ParentRunner.java:66) ~[junit-4.13.2.jar:4.13.2]
	at org.junit.runners.ParentRunner$2.evaluate(ParentRunner.java:293) ~[junit-4.13.2.jar:4.13.2]
	at org.springframework.test.context.junit4.statements.RunBeforeTestClassCallbacks.evaluate(RunBeforeTestClassCallbacks.java:61) ~[spring-test-5.3.23.jar:5.3.23]
	at org.springframework.test.context.junit4.statements.RunAfterTestClassCallbacks.evaluate(RunAfterTestClassCallbacks.java:70) ~[spring-test-5.3.23.jar:5.3.23]
	at org.junit.runners.ParentRunner$3.evaluate(ParentRunner.java:306) ~[junit-4.13.2.jar:4.13.2]
	at org.junit.runners.ParentRunner.run(ParentRunner.java:413) ~[junit-4.13.2.jar:4.13.2]
	at org.springframework.test.context.junit4.SpringJUnit4ClassRunner.run(SpringJUnit4ClassRunner.java:190) ~[spring-test-5.3.23.jar:5.3.23]
	at org.junit.runner.JUnitCore.run(JUnitCore.java:137) ~[junit-4.13.2.jar:4.13.2]
	at com.intellij.junit4.JUnit4IdeaTestRunner.startRunnerWithArgs(JUnit4IdeaTestRunner.java:69) ~[junit-rt.jar:na]
	at com.intellij.rt.junit.IdeaTestRunner$Repeater$1.execute(IdeaTestRunner.java:38) ~[junit-rt.jar:na]
	at com.intellij.rt.execution.junit.TestsRepeater.repeat(TestsRepeater.java:11) ~[idea_rt.jar:na]
	at com.intellij.rt.junit.IdeaTestRunner$Repeater.startRunnerWithArgs(IdeaTestRunner.java:35) ~[junit-rt.jar:na]
	at com.intellij.rt.junit.JUnitStarter.prepareStreamsAndStart(JUnitStarter.java:235) ~[junit-rt.jar:na]
	at com.intellij.rt.junit.JUnitStarter.main(JUnitStarter.java:54) ~[junit-rt.jar:na]
Caused by: org.springframework.beans.factory.UnsatisfiedDependencyException: Error creating bean with name 'supplyController': Unsatisfied dependency expressed through field 'supplyService'; nested exception is org.springframework.beans.factory.NoSuchBeanDefinitionException: No qualifying bean of type 'com.mdsujan.restPostgres.service.SupplyService' available: expected at least 1 bean which qualifies as autowire candidate. Dependency annotations: {@org.springframework.beans.factory.annotation.Autowired(required=true)}
	at org.springframework.beans.factory.annotation.AutowiredAnnotationBeanPostProcessor$AutowiredFieldElement.resolveFieldValue(AutowiredAnnotationBeanPostProcessor.java:659) ~[spring-beans-5.3.23.jar:5.3.23]
	at org.springframework.beans.factory.annotation.AutowiredAnnotationBeanPostProcessor$AutowiredFieldElement.inject(AutowiredAnnotationBeanPostProcessor.java:639) ~[spring-beans-5.3.23.jar:5.3.23]
	at org.springframework.beans.factory.annotation.InjectionMetadata.inject(InjectionMetadata.java:119) ~[spring-beans-5.3.23.jar:5.3.23]
	at org.springframework.beans.factory.annotation.AutowiredAnnotationBeanPostProcessor.postProcessProperties(AutowiredAnnotationBeanPostProcessor.java:399) ~[spring-beans-5.3.23.jar:5.3.23]
	at org.springframework.beans.factory.support.AbstractAutowireCapableBeanFactory.populateBean(AbstractAutowireCapableBeanFactory.java:1431) ~[spring-beans-5.3.23.jar:5.3.23]
	at org.springframework.beans.factory.support.AbstractAutowireCapableBeanFactory.doCreateBean(AbstractAutowireCapableBeanFactory.java:619) ~[spring-beans-5.3.23.jar:5.3.23]
	at org.springframework.beans.factory.support.AbstractAutowireCapableBeanFactory.createBean(AbstractAutowireCapableBeanFactory.java:542) ~[spring-beans-5.3.23.jar:5.3.23]
	at org.springframework.beans.factory.support.AbstractBeanFactory.lambda$doGetBean$0(AbstractBeanFactory.java:335) ~[spring-beans-5.3.23.jar:5.3.23]
	at org.springframework.beans.factory.support.DefaultSingletonBeanRegistry.getSingleton(DefaultSingletonBeanRegistry.java:234) ~[spring-beans-5.3.23.jar:5.3.23]
	at org.springframework.beans.factory.support.AbstractBeanFactory.doGetBean(AbstractBeanFactory.java:333) ~[spring-beans-5.3.23.jar:5.3.23]
	at org.springframework.beans.factory.support.AbstractBeanFactory.getBean(AbstractBeanFactory.java:208) ~[spring-beans-5.3.23.jar:5.3.23]
	at org.springframework.beans.factory.support.DefaultListableBeanFactory.preInstantiateSingletons(DefaultListableBeanFactory.java:955) ~[spring-beans-5.3.23.jar:5.3.23]
	at org.springframework.context.support.AbstractApplicationContext.finishBeanFactoryInitialization(AbstractApplicationContext.java:918) ~[spring-context-5.3.23.jar:5.3.23]
	at org.springframework.context.support.AbstractApplicationContext.refresh(AbstractApplicationContext.java:583) ~[spring-context-5.3.23.jar:5.3.23]
	at org.springframework.boot.SpringApplication.refresh(SpringApplication.java:734) ~[spring-boot-2.7.5.jar:2.7.5]
	at org.springframework.boot.SpringApplication.refreshContext(SpringApplication.java:408) ~[spring-boot-2.7.5.jar:2.7.5]
	at org.springframework.boot.SpringApplication.run(SpringApplication.java:308) ~[spring-boot-2.7.5.jar:2.7.5]
	at org.springframework.boot.test.context.SpringBootContextLoader.loadContext(SpringBootContextLoader.java:132) ~[spring-boot-test-2.7.5.jar:2.7.5]
	at org.springframework.test.context.cache.DefaultCacheAwareContextLoaderDelegate.loadContextInternal(DefaultCacheAwareContextLoaderDelegate.java:141) ~[spring-test-5.3.23.jar:5.3.23]
	at org.springframework.test.context.cache.DefaultCacheAwareContextLoaderDelegate.loadContext(DefaultCacheAwareContextLoaderDelegate.java:90) ~[spring-test-5.3.23.jar:5.3.23]
	... 27 common frames omitted
Caused by: org.springframework.beans.factory.NoSuchBeanDefinitionException: No qualifying bean of type 'com.mdsujan.restPostgres.service.SupplyService' available: expected at least 1 bean which qualifies as autowire candidate. Dependency annotations: {@org.springframework.beans.factory.annotation.Autowired(required=true)}
	at org.springframework.beans.factory.support.DefaultListableBeanFactory.raiseNoMatchingBeanFound(DefaultListableBeanFactory.java:1801) ~[spring-beans-5.3.23.jar:5.3.23]
	at org.springframework.beans.factory.support.DefaultListableBeanFactory.doResolveDependency(DefaultListableBeanFactory.java:1357) ~[spring-beans-5.3.23.jar:5.3.23]
	at org.springframework.beans.factory.support.DefaultListableBeanFactory.resolveDependency(DefaultListableBeanFactory.java:1311) ~[spring-beans-5.3.23.jar:5.3.23]
	at org.springframework.beans.factory.annotation.AutowiredAnnotationBeanPostProcessor$AutowiredFieldElement.resolveFieldValue(AutowiredAnnotationBeanPostProcessor.java:656) ~[spring-beans-5.3.23.jar:5.3.23]
	... 46 common frames omitted

2022-12-06 10:49:22.327  INFO 186390 --- [main] c.m.postgress.test.SupplyControllerTest  : Starting SupplyControllerTest using Java 11.0.17 on U-Sujan with PID 186390 (started by sujan in /home/sujan/Documents/restPostgres)
2022-12-06 10:49:22.330  INFO 186390 --- [main] c.m.postgress.test.SupplyControllerTest  : No active profile set, falling back to 1 default profile: "default"
2022-12-06 10:49:23.431  INFO 186390 --- [main] c.m.postgress.test.SupplyControllerTest  : Started SupplyControllerTest in 1.844 seconds (JVM running for 3.227)
2022-12-06 10:56:14.166  INFO 187656 --- [main] c.m.postgress.test.SupplyControllerTest  : Starting SupplyControllerTest using Java 11.0.17 on U-Sujan with PID 187656 (started by sujan in /home/sujan/Documents/restPostgres)
2022-12-06 10:56:14.168  INFO 187656 --- [main] c.m.postgress.test.SupplyControllerTest  : No active profile set, falling back to 1 default profile: "default"
2022-12-06 10:56:15.407  INFO 187656 --- [main] c.m.postgress.test.SupplyControllerTest  : Started SupplyControllerTest in 2.186 seconds (JVM running for 3.97)
2022-12-06 10:56:22.676  INFO 187730 --- [main] c.m.postgress.test.DemandControllerTest  : Starting DemandControllerTest using Java 11.0.17 on U-Sujan with PID 187730 (started by sujan in /home/sujan/Documents/restPostgres)
2022-12-06 10:56:22.679  INFO 187730 --- [main] c.m.postgress.test.DemandControllerTest  : No active profile set, falling back to 1 default profile: "default"
2022-12-06 10:56:23.788  WARN 187730 --- [main] o.s.w.c.s.GenericWebApplicationContext   : Exception encountered during context initialization - cancelling refresh attempt: org.springframework.beans.factory.UnsatisfiedDependencyException: Error creating bean with name 'supplyController': Unsatisfied dependency expressed through field 'supplyService'; nested exception is org.springframework.beans.factory.NoSuchBeanDefinitionException: No qualifying bean of type 'com.mdsujan.restPostgres.service.SupplyService' available: expected at least 1 bean which qualifies as autowire candidate. Dependency annotations: {@org.springframework.beans.factory.annotation.Autowired(required=true)}
2022-12-06 10:56:23.838 ERROR 187730 --- [main] o.s.b.d.LoggingFailureAnalysisReporter   : 

***************************
APPLICATION FAILED TO START
***************************

Description:

Field supplyService in com.mdsujan.restPostgres.controller.SupplyController required a bean of type 'com.mdsujan.restPostgres.service.SupplyService' that could not be found.

The injection point has the following annotations:
	- @org.springframework.beans.factory.annotation.Autowired(required=true)


Action:

Consider defining a bean of type 'com.mdsujan.restPostgres.service.SupplyService' in your configuration.

2022-12-06 10:56:23.844 ERROR 187730 --- [main] o.s.test.context.TestContextManager      : Caught exception while allowing TestExecutionListener [org.springframework.test.context.web.ServletTestExecutionListener@1e6454ec] to prepare test instance [com.mdsujan.postgress.test.DemandControllerTest@1640c151]

java.lang.IllegalStateException: Failed to load ApplicationContext
	at org.springframework.test.context.cache.DefaultCacheAwareContextLoaderDelegate.loadContext(DefaultCacheAwareContextLoaderDelegate.java:98) ~[spring-test-5.3.23.jar:5.3.23]
	at org.springframework.test.context.support.DefaultTestContext.getApplicationContext(DefaultTestContext.java:124) ~[spring-test-5.3.23.jar:5.3.23]
	at org.springframework.test.context.web.ServletTestExecutionListener.setUpRequestContextIfNecessary(ServletTestExecutionListener.java:190) ~[spring-test-5.3.23.jar:5.3.23]
	at org.springframework.test.context.web.ServletTestExecutionListener.prepareTestInstance(ServletTestExecutionListener.java:132) ~[spring-test-5.3.23.jar:5.3.23]
	at org.springframework.test.context.TestContextManager.prepareTestInstance(TestContextManager.java:248) ~[spring-test-5.3.23.jar:5.3.23]
	at org.springframework.test.context.junit4.SpringJUnit4ClassRunner.createTest(SpringJUnit4ClassRunner.java:227) ~[spring-test-5.3.23.jar:5.3.23]
	at org.springframework.test.context.junit4.SpringJUnit4ClassRunner$1.runReflectiveCall(SpringJUnit4ClassRunner.java:289) ~[spring-test-5.3.23.jar:5.3.23]
	at org.junit.internal.runners.model.ReflectiveCallable.run(ReflectiveCallable.java:12) ~[junit-4.13.2.jar:4.13.2]
	at org.springframework.test.context.junit4.SpringJUnit4ClassRunner.methodBlock(SpringJUnit4ClassRunner.java:291) ~[spring-test-5.3.23.jar:5.3.23]
	at org.springframework.test.context.junit4.SpringJUnit4ClassRunner.runChild(SpringJUnit4ClassRunner.java:246) ~[spring-test-5.3.23.jar:5.3.23]
	at org.springframework.test.context.junit4.SpringJUnit4ClassRunner.runChild(SpringJUnit4ClassRunner.java:97) ~[spring-test-5.3.23.jar:5.3.23]
	at org.junit.runners.ParentRunner$4.run(ParentRunner.java:331) ~[junit-4.13.2.jar:4.13.2]
	at org.junit.runners.ParentRunner$1.schedule(ParentRunner.java:79) ~[junit-4.13.2.jar:4.13.2]
	at org.junit.runners.ParentRunner.runChildren(ParentRunner.java:329) ~[junit-4.13.2.jar:4.13.2]
	at org.junit.runners.ParentRunner.access$100(ParentRunner.java:66) ~[junit-4.13.2.jar:4.13.2]
	at org.junit.runners.ParentRunner$2.evaluate(ParentRunner.java:293) ~[junit-4.13.2.jar:4.13.2]
	at org.springframework.test.context.junit4.statements.RunBeforeTestClassCallbacks.evaluate(RunBeforeTestClassCallbacks.java:61) ~[spring-test-5.3.23.jar:5.3.23]
	at org.springframework.test.context.junit4.statements.RunAfterTestClassCallbacks.evaluate(RunAfterTestClassCallbacks.java:70) ~[spring-test-5.3.23.jar:5.3.23]
	at org.junit.runners.ParentRunner$3.evaluate(ParentRunner.java:306) ~[junit-4.13.2.jar:4.13.2]
	at org.junit.runners.ParentRunner.run(ParentRunner.java:413) ~[junit-4.13.2.jar:4.13.2]
	at org.springframework.test.context.junit4.SpringJUnit4ClassRunner.run(SpringJUnit4ClassRunner.java:190) ~[spring-test-5.3.23.jar:5.3.23]
	at org.junit.runner.JUnitCore.run(JUnitCore.java:137) ~[junit-4.13.2.jar:4.13.2]
	at com.intellij.junit4.JUnit4IdeaTestRunner.startRunnerWithArgs(JUnit4IdeaTestRunner.java:69) ~[junit-rt.jar:na]
	at com.intellij.rt.junit.IdeaTestRunner$Repeater$1.execute(IdeaTestRunner.java:38) ~[junit-rt.jar:na]
	at com.intellij.rt.execution.junit.TestsRepeater.repeat(TestsRepeater.java:11) ~[idea_rt.jar:na]
	at com.intellij.rt.junit.IdeaTestRunner$Repeater.startRunnerWithArgs(IdeaTestRunner.java:35) ~[junit-rt.jar:na]
	at com.intellij.rt.junit.JUnitStarter.prepareStreamsAndStart(JUnitStarter.java:235) ~[junit-rt.jar:na]
	at com.intellij.rt.junit.JUnitStarter.main(JUnitStarter.java:54) ~[junit-rt.jar:na]
Caused by: org.springframework.beans.factory.UnsatisfiedDependencyException: Error creating bean with name 'supplyController': Unsatisfied dependency expressed through field 'supplyService'; nested exception is org.springframework.beans.factory.NoSuchBeanDefinitionException: No qualifying bean of type 'com.mdsujan.restPostgres.service.SupplyService' available: expected at least 1 bean which qualifies as autowire candidate. Dependency annotations: {@org.springframework.beans.factory.annotation.Autowired(required=true)}
	at org.springframework.beans.factory.annotation.AutowiredAnnotationBeanPostProcessor$AutowiredFieldElement.resolveFieldValue(AutowiredAnnotationBeanPostProcessor.java:659) ~[spring-beans-5.3.23.jar:5.3.23]
	at org.springframework.beans.factory.annotation.AutowiredAnnotationBeanPostProcessor$AutowiredFieldElement.inject(AutowiredAnnotationBeanPostProcessor.java:639) ~[spring-beans-5.3.23.jar:5.3.23]
	at org.springframework.beans.factory.annotation.InjectionMetadata.inject(InjectionMetadata.java:119) ~[spring-beans-5.3.23.jar:5.3.23]
	at org.springframework.beans.factory.annotation.AutowiredAnnotationBeanPostProcessor.postProcessProperties(AutowiredAnnotationBeanPostProcessor.java:399) ~[spring-beans-5.3.23.jar:5.3.23]
	at org.springframework.beans.factory.support.AbstractAutowireCapableBeanFactory.populateBean(AbstractAutowireCapableBeanFactory.java:1431) ~[spring-beans-5.3.23.jar:5.3.23]
	at org.springframework.beans.factory.support.AbstractAutowireCapableBeanFactory.doCreateBean(AbstractAutowireCapableBeanFactory.java:619) ~[spring-beans-5.3.23.jar:5.3.23]
	at org.springframework.beans.factory.support.AbstractAutowireCapableBeanFactory.createBean(AbstractAutowireCapableBeanFactory.java:542) ~[spring-beans-5.3.23.jar:5.3.23]
	at org.springframework.beans.factory.support.AbstractBeanFactory.lambda$doGetBean$0(AbstractBeanFactory.java:335) ~[spring-beans-5.3.23.jar:5.3.23]
	at org.springframework.beans.factory.support.DefaultSingletonBeanRegistry.getSingleton(DefaultSingletonBeanRegistry.java:234) ~[spring-beans-5.3.23.jar:5.3.23]
	at org.springframework.beans.factory.support.AbstractBeanFactory.doGetBean(AbstractBeanFactory.java:333) ~[spring-beans-5.3.23.jar:5.3.23]
	at org.springframework.beans.factory.support.AbstractBeanFactory.getBean(AbstractBeanFactory.java:208) ~[spring-beans-5.3.23.jar:5.3.23]
	at org.springframework.beans.factory.support.DefaultListableBeanFactory.preInstantiateSingletons(DefaultListableBeanFactory.java:955) ~[spring-beans-5.3.23.jar:5.3.23]
	at org.springframework.context.support.AbstractApplicationContext.finishBeanFactoryInitialization(AbstractApplicationContext.java:918) ~[spring-context-5.3.23.jar:5.3.23]
	at org.springframework.context.support.AbstractApplicationContext.refresh(AbstractApplicationContext.java:583) ~[spring-context-5.3.23.jar:5.3.23]
	at org.springframework.boot.SpringApplication.refresh(SpringApplication.java:734) ~[spring-boot-2.7.5.jar:2.7.5]
	at org.springframework.boot.SpringApplication.refreshContext(SpringApplication.java:408) ~[spring-boot-2.7.5.jar:2.7.5]
	at org.springframework.boot.SpringApplication.run(SpringApplication.java:308) ~[spring-boot-2.7.5.jar:2.7.5]
	at org.springframework.boot.test.context.SpringBootContextLoader.loadContext(SpringBootContextLoader.java:132) ~[spring-boot-test-2.7.5.jar:2.7.5]
	at org.springframework.test.context.cache.DefaultCacheAwareContextLoaderDelegate.loadContextInternal(DefaultCacheAwareContextLoaderDelegate.java:141) ~[spring-test-5.3.23.jar:5.3.23]
	at org.springframework.test.context.cache.DefaultCacheAwareContextLoaderDelegate.loadContext(DefaultCacheAwareContextLoaderDelegate.java:90) ~[spring-test-5.3.23.jar:5.3.23]
	... 27 common frames omitted
Caused by: org.springframework.beans.factory.NoSuchBeanDefinitionException: No qualifying bean of type 'com.mdsujan.restPostgres.service.SupplyService' available: expected at least 1 bean which qualifies as autowire candidate. Dependency annotations: {@org.springframework.beans.factory.annotation.Autowired(required=true)}
	at org.springframework.beans.factory.support.DefaultListableBeanFactory.raiseNoMatchingBeanFound(DefaultListableBeanFactory.java:1801) ~[spring-beans-5.3.23.jar:5.3.23]
	at org.springframework.beans.factory.support.DefaultListableBeanFactory.doResolveDependency(DefaultListableBeanFactory.java:1357) ~[spring-beans-5.3.23.jar:5.3.23]
	at org.springframework.beans.factory.support.DefaultListableBeanFactory.resolveDependency(DefaultListableBeanFactory.java:1311) ~[spring-beans-5.3.23.jar:5.3.23]
	at org.springframework.beans.factory.annotation.AutowiredAnnotationBeanPostProcessor$AutowiredFieldElement.resolveFieldValue(AutowiredAnnotationBeanPostProcessor.java:656) ~[spring-beans-5.3.23.jar:5.3.23]
	... 46 common frames omitted

2022-12-06 10:58:03.903  INFO 187839 --- [main] c.m.postgress.test.DemandControllerTest  : Starting DemandControllerTest using Java 11.0.17 on U-Sujan with PID 187839 (started by sujan in /home/sujan/Documents/restPostgres)
2022-12-06 10:58:03.906  INFO 187839 --- [main] c.m.postgress.test.DemandControllerTest  : No active profile set, falling back to 1 default profile: "default"
2022-12-06 10:58:04.980  INFO 187839 --- [main] c.m.postgress.test.DemandControllerTest  : Started DemandControllerTest in 1.884 seconds (JVM running for 3.328)
2022-12-06 10:58:42.472  INFO 187922 --- [main] c.m.postgress.test.ItemServiceTest       : Starting ItemServiceTest using Java 11.0.17 on U-Sujan with PID 187922 (started by sujan in /home/sujan/Documents/restPostgres)
2022-12-06 10:58:42.475  INFO 187922 --- [main] c.m.postgress.test.ItemServiceTest       : No active profile set, falling back to 1 default profile: "default"
2022-12-06 10:58:44.030  INFO 187922 --- [main] c.m.postgress.test.ItemServiceTest       : Started ItemServiceTest in 2.404 seconds (JVM running for 4.005)
2022-12-06 10:58:54.059  INFO 187999 --- [main] c.m.postgress.test.SupplyServiceTest     : Starting SupplyServiceTest using Java 11.0.17 on U-Sujan with PID 187999 (started by sujan in /home/sujan/Documents/restPostgres)
2022-12-06 10:58:54.061  INFO 187999 --- [main] c.m.postgress.test.SupplyServiceTest     : No active profile set, falling back to 1 default profile: "default"
2022-12-06 10:58:55.483  INFO 187999 --- [main] c.m.postgress.test.SupplyServiceTest     : Started SupplyServiceTest in 2.268 seconds (JVM running for 3.877)
2022-12-06 11:16:22.666  INFO 188653 --- [main] c.m.p.test.AvailabilityV1ServiceTest     : Starting AvailabilityV1ServiceTest using Java 11.0.17 on U-Sujan with PID 188653 (started by sujan in /home/sujan/Documents/restPostgres)
2022-12-06 11:16:22.669  INFO 188653 --- [main] c.m.p.test.AvailabilityV1ServiceTest     : No active profile set, falling back to 1 default profile: "default"
2022-12-06 11:16:23.850  WARN 188653 --- [main] o.s.w.c.s.GenericWebApplicationContext   : Exception encountered during context initialization - cancelling refresh attempt: org.springframework.beans.factory.UnsatisfiedDependencyException: Error creating bean with name 'availabilityV1Controller': Unsatisfied dependency expressed through field 'demandRepository'; nested exception is org.springframework.beans.factory.NoSuchBeanDefinitionException: No qualifying bean of type 'com.mdsujan.restPostgres.repository.DemandRepository' available: expected at least 1 bean which qualifies as autowire candidate. Dependency annotations: {@org.springframework.beans.factory.annotation.Autowired(required=true)}
2022-12-06 11:16:23.894 ERROR 188653 --- [main] o.s.b.d.LoggingFailureAnalysisReporter   : 

***************************
APPLICATION FAILED TO START
***************************

Description:

Field demandRepository in com.mdsujan.restPostgres.controller.AvailabilityV1Controller required a bean of type 'com.mdsujan.restPostgres.repository.DemandRepository' that could not be found.

The injection point has the following annotations:
	- @org.springframework.beans.factory.annotation.Autowired(required=true)


Action:

Consider defining a bean of type 'com.mdsujan.restPostgres.repository.DemandRepository' in your configuration.

2022-12-06 11:16:23.900 ERROR 188653 --- [main] o.s.test.context.TestContextManager      : Caught exception while allowing TestExecutionListener [org.springframework.test.context.web.ServletTestExecutionListener@51dcb805] to prepare test instance [com.mdsujan.postgress.test.AvailabilityV1ServiceTest@76889e60]

java.lang.IllegalStateException: Failed to load ApplicationContext
	at org.springframework.test.context.cache.DefaultCacheAwareContextLoaderDelegate.loadContext(DefaultCacheAwareContextLoaderDelegate.java:98) ~[spring-test-5.3.23.jar:5.3.23]
	at org.springframework.test.context.support.DefaultTestContext.getApplicationContext(DefaultTestContext.java:124) ~[spring-test-5.3.23.jar:5.3.23]
	at org.springframework.test.context.web.ServletTestExecutionListener.setUpRequestContextIfNecessary(ServletTestExecutionListener.java:190) ~[spring-test-5.3.23.jar:5.3.23]
	at org.springframework.test.context.web.ServletTestExecutionListener.prepareTestInstance(ServletTestExecutionListener.java:132) ~[spring-test-5.3.23.jar:5.3.23]
	at org.springframework.test.context.TestContextManager.prepareTestInstance(TestContextManager.java:248) ~[spring-test-5.3.23.jar:5.3.23]
	at org.springframework.test.context.junit4.SpringJUnit4ClassRunner.createTest(SpringJUnit4ClassRunner.java:227) ~[spring-test-5.3.23.jar:5.3.23]
	at org.springframework.test.context.junit4.SpringJUnit4ClassRunner$1.runReflectiveCall(SpringJUnit4ClassRunner.java:289) ~[spring-test-5.3.23.jar:5.3.23]
	at org.junit.internal.runners.model.ReflectiveCallable.run(ReflectiveCallable.java:12) ~[junit-4.13.2.jar:4.13.2]
	at org.springframework.test.context.junit4.SpringJUnit4ClassRunner.methodBlock(SpringJUnit4ClassRunner.java:291) ~[spring-test-5.3.23.jar:5.3.23]
	at org.springframework.test.context.junit4.SpringJUnit4ClassRunner.runChild(SpringJUnit4ClassRunner.java:246) ~[spring-test-5.3.23.jar:5.3.23]
	at org.springframework.test.context.junit4.SpringJUnit4ClassRunner.runChild(SpringJUnit4ClassRunner.java:97) ~[spring-test-5.3.23.jar:5.3.23]
	at org.junit.runners.ParentRunner$4.run(ParentRunner.java:331) ~[junit-4.13.2.jar:4.13.2]
	at org.junit.runners.ParentRunner$1.schedule(ParentRunner.java:79) ~[junit-4.13.2.jar:4.13.2]
	at org.junit.runners.ParentRunner.runChildren(ParentRunner.java:329) ~[junit-4.13.2.jar:4.13.2]
	at org.junit.runners.ParentRunner.access$100(ParentRunner.java:66) ~[junit-4.13.2.jar:4.13.2]
	at org.junit.runners.ParentRunner$2.evaluate(ParentRunner.java:293) ~[junit-4.13.2.jar:4.13.2]
	at org.springframework.test.context.junit4.statements.RunBeforeTestClassCallbacks.evaluate(RunBeforeTestClassCallbacks.java:61) ~[spring-test-5.3.23.jar:5.3.23]
	at org.springframework.test.context.junit4.statements.RunAfterTestClassCallbacks.evaluate(RunAfterTestClassCallbacks.java:70) ~[spring-test-5.3.23.jar:5.3.23]
	at org.junit.runners.ParentRunner$3.evaluate(ParentRunner.java:306) ~[junit-4.13.2.jar:4.13.2]
	at org.junit.runners.ParentRunner.run(ParentRunner.java:413) ~[junit-4.13.2.jar:4.13.2]
	at org.springframework.test.context.junit4.SpringJUnit4ClassRunner.run(SpringJUnit4ClassRunner.java:190) ~[spring-test-5.3.23.jar:5.3.23]
	at org.junit.runner.JUnitCore.run(JUnitCore.java:137) ~[junit-4.13.2.jar:4.13.2]
	at com.intellij.junit4.JUnit4IdeaTestRunner.startRunnerWithArgs(JUnit4IdeaTestRunner.java:69) ~[junit-rt.jar:na]
	at com.intellij.rt.junit.IdeaTestRunner$Repeater$1.execute(IdeaTestRunner.java:38) ~[junit-rt.jar:na]
	at com.intellij.rt.execution.junit.TestsRepeater.repeat(TestsRepeater.java:11) ~[idea_rt.jar:na]
	at com.intellij.rt.junit.IdeaTestRunner$Repeater.startRunnerWithArgs(IdeaTestRunner.java:35) ~[junit-rt.jar:na]
	at com.intellij.rt.junit.JUnitStarter.prepareStreamsAndStart(JUnitStarter.java:235) ~[junit-rt.jar:na]
	at com.intellij.rt.junit.JUnitStarter.main(JUnitStarter.java:54) ~[junit-rt.jar:na]
Caused by: org.springframework.beans.factory.UnsatisfiedDependencyException: Error creating bean with name 'availabilityV1Controller': Unsatisfied dependency expressed through field 'demandRepository'; nested exception is org.springframework.beans.factory.NoSuchBeanDefinitionException: No qualifying bean of type 'com.mdsujan.restPostgres.repository.DemandRepository' available: expected at least 1 bean which qualifies as autowire candidate. Dependency annotations: {@org.springframework.beans.factory.annotation.Autowired(required=true)}
	at org.springframework.beans.factory.annotation.AutowiredAnnotationBeanPostProcessor$AutowiredFieldElement.resolveFieldValue(AutowiredAnnotationBeanPostProcessor.java:659) ~[spring-beans-5.3.23.jar:5.3.23]
	at org.springframework.beans.factory.annotation.AutowiredAnnotationBeanPostProcessor$AutowiredFieldElement.inject(AutowiredAnnotationBeanPostProcessor.java:639) ~[spring-beans-5.3.23.jar:5.3.23]
	at org.springframework.beans.factory.annotation.InjectionMetadata.inject(InjectionMetadata.java:119) ~[spring-beans-5.3.23.jar:5.3.23]
	at org.springframework.beans.factory.annotation.AutowiredAnnotationBeanPostProcessor.postProcessProperties(AutowiredAnnotationBeanPostProcessor.java:399) ~[spring-beans-5.3.23.jar:5.3.23]
	at org.springframework.beans.factory.support.AbstractAutowireCapableBeanFactory.populateBean(AbstractAutowireCapableBeanFactory.java:1431) ~[spring-beans-5.3.23.jar:5.3.23]
	at org.springframework.beans.factory.support.AbstractAutowireCapableBeanFactory.doCreateBean(AbstractAutowireCapableBeanFactory.java:619) ~[spring-beans-5.3.23.jar:5.3.23]
	at org.springframework.beans.factory.support.AbstractAutowireCapableBeanFactory.createBean(AbstractAutowireCapableBeanFactory.java:542) ~[spring-beans-5.3.23.jar:5.3.23]
	at org.springframework.beans.factory.support.AbstractBeanFactory.lambda$doGetBean$0(AbstractBeanFactory.java:335) ~[spring-beans-5.3.23.jar:5.3.23]
	at org.springframework.beans.factory.support.DefaultSingletonBeanRegistry.getSingleton(DefaultSingletonBeanRegistry.java:234) ~[spring-beans-5.3.23.jar:5.3.23]
	at org.springframework.beans.factory.support.AbstractBeanFactory.doGetBean(AbstractBeanFactory.java:333) ~[spring-beans-5.3.23.jar:5.3.23]
	at org.springframework.beans.factory.support.AbstractBeanFactory.getBean(AbstractBeanFactory.java:208) ~[spring-beans-5.3.23.jar:5.3.23]
	at org.springframework.beans.factory.support.DefaultListableBeanFactory.preInstantiateSingletons(DefaultListableBeanFactory.java:955) ~[spring-beans-5.3.23.jar:5.3.23]
	at org.springframework.context.support.AbstractApplicationContext.finishBeanFactoryInitialization(AbstractApplicationContext.java:918) ~[spring-context-5.3.23.jar:5.3.23]
	at org.springframework.context.support.AbstractApplicationContext.refresh(AbstractApplicationContext.java:583) ~[spring-context-5.3.23.jar:5.3.23]
	at org.springframework.boot.SpringApplication.refresh(SpringApplication.java:734) ~[spring-boot-2.7.5.jar:2.7.5]
	at org.springframework.boot.SpringApplication.refreshContext(SpringApplication.java:408) ~[spring-boot-2.7.5.jar:2.7.5]
	at org.springframework.boot.SpringApplication.run(SpringApplication.java:308) ~[spring-boot-2.7.5.jar:2.7.5]
	at org.springframework.boot.test.context.SpringBootContextLoader.loadContext(SpringBootContextLoader.java:132) ~[spring-boot-test-2.7.5.jar:2.7.5]
	at org.springframework.test.context.cache.DefaultCacheAwareContextLoaderDelegate.loadContextInternal(DefaultCacheAwareContextLoaderDelegate.java:141) ~[spring-test-5.3.23.jar:5.3.23]
	at org.springframework.test.context.cache.DefaultCacheAwareContextLoaderDelegate.loadContext(DefaultCacheAwareContextLoaderDelegate.java:90) ~[spring-test-5.3.23.jar:5.3.23]
	... 27 common frames omitted
Caused by: org.springframework.beans.factory.NoSuchBeanDefinitionException: No qualifying bean of type 'com.mdsujan.restPostgres.repository.DemandRepository' available: expected at least 1 bean which qualifies as autowire candidate. Dependency annotations: {@org.springframework.beans.factory.annotation.Autowired(required=true)}
	at org.springframework.beans.factory.support.DefaultListableBeanFactory.raiseNoMatchingBeanFound(DefaultListableBeanFactory.java:1801) ~[spring-beans-5.3.23.jar:5.3.23]
	at org.springframework.beans.factory.support.DefaultListableBeanFactory.doResolveDependency(DefaultListableBeanFactory.java:1357) ~[spring-beans-5.3.23.jar:5.3.23]
	at org.springframework.beans.factory.support.DefaultListableBeanFactory.resolveDependency(DefaultListableBeanFactory.java:1311) ~[spring-beans-5.3.23.jar:5.3.23]
	at org.springframework.beans.factory.annotation.AutowiredAnnotationBeanPostProcessor$AutowiredFieldElement.resolveFieldValue(AutowiredAnnotationBeanPostProcessor.java:656) ~[spring-beans-5.3.23.jar:5.3.23]
	... 46 common frames omitted

2022-12-06 11:21:54.943  INFO 189761 --- [main] c.m.p.test.AvailabilityV1ServiceTest     : Starting AvailabilityV1ServiceTest using Java 11.0.17 on U-Sujan with PID 189761 (started by sujan in /home/sujan/Documents/restPostgres)
2022-12-06 11:21:54.946  INFO 189761 --- [main] c.m.p.test.AvailabilityV1ServiceTest     : No active profile set, falling back to 1 default profile: "default"
2022-12-06 11:21:56.145  INFO 189761 --- [main] c.m.p.test.AvailabilityV1ServiceTest     : Started AvailabilityV1ServiceTest in 1.925 seconds (JVM running for 3.293)
2022-12-06 11:22:42.983  INFO 190824 --- [main] c.m.p.test.AvailabilityV1ServiceTest     : Starting AvailabilityV1ServiceTest using Java 11.0.17 on U-Sujan with PID 190824 (started by sujan in /home/sujan/Documents/restPostgres)
2022-12-06 11:22:42.986  INFO 190824 --- [main] c.m.p.test.AvailabilityV1ServiceTest     : No active profile set, falling back to 1 default profile: "default"
2022-12-06 11:22:44.306  INFO 190824 --- [main] c.m.p.test.AvailabilityV1ServiceTest     : Started AvailabilityV1ServiceTest in 2.11 seconds (JVM running for 3.671)
2022-12-06 13:14:16.526  INFO 194433 --- [main] c.m.p.test.AvailabilityV1ServiceTest     : Starting AvailabilityV1ServiceTest using Java 11.0.17 on U-Sujan with PID 194433 (started by sujan in /home/sujan/Documents/restPostgres)
2022-12-06 13:14:16.529  INFO 194433 --- [main] c.m.p.test.AvailabilityV1ServiceTest     : No active profile set, falling back to 1 default profile: "default"
2022-12-06 13:14:17.722  INFO 194433 --- [main] c.m.p.test.AvailabilityV1ServiceTest     : Started AvailabilityV1ServiceTest in 1.948 seconds (JVM running for 3.392)
2022-12-06 13:42:17.866  INFO 195147 --- [main] c.m.p.test.AvailabilityV1ServiceTest     : Starting AvailabilityV1ServiceTest using Java 11.0.17 on U-Sujan with PID 195147 (started by sujan in /home/sujan/Documents/restPostgres)
2022-12-06 13:42:17.870  INFO 195147 --- [main] c.m.p.test.AvailabilityV1ServiceTest     : No active profile set, falling back to 1 default profile: "default"
2022-12-06 13:42:19.057  INFO 195147 --- [main] c.m.p.test.AvailabilityV1ServiceTest     : Started AvailabilityV1ServiceTest in 1.932 seconds (JVM running for 3.299)
2022-12-06 13:43:09.259  INFO 195247 --- [main] c.m.p.test.AvailabilityV1ServiceTest     : Starting AvailabilityV1ServiceTest using Java 11.0.17 on U-Sujan with PID 195247 (started by sujan in /home/sujan/Documents/restPostgres)
2022-12-06 13:43:09.262  INFO 195247 --- [main] c.m.p.test.AvailabilityV1ServiceTest     : No active profile set, falling back to 1 default profile: "default"
2022-12-06 13:43:10.403  INFO 195247 --- [main] c.m.p.test.AvailabilityV1ServiceTest     : Started AvailabilityV1ServiceTest in 1.876 seconds (JVM running for 3.308)
2022-12-06 13:43:36.497  INFO 195326 --- [main] c.m.p.test.AvailabilityV1ServiceTest     : Starting AvailabilityV1ServiceTest using Java 11.0.17 on U-Sujan with PID 195326 (started by sujan in /home/sujan/Documents/restPostgres)
2022-12-06 13:43:36.500  INFO 195326 --- [main] c.m.p.test.AvailabilityV1ServiceTest     : No active profile set, falling back to 1 default profile: "default"
2022-12-06 13:43:37.751  INFO 195326 --- [main] c.m.p.test.AvailabilityV1ServiceTest     : Started AvailabilityV1ServiceTest in 2.023 seconds (JVM running for 3.439)
2022-12-06 14:10:31.065  INFO 196796 --- [main] c.m.p.test.AvailabilityV1ServiceTest     : Starting AvailabilityV1ServiceTest using Java 11.0.17 on U-Sujan with PID 196796 (started by sujan in /home/sujan/Documents/restPostgres)
2022-12-06 14:10:31.068  INFO 196796 --- [main] c.m.p.test.AvailabilityV1ServiceTest     : No active profile set, falling back to 1 default profile: "default"
2022-12-06 14:10:32.356  INFO 196796 --- [main] c.m.p.test.AvailabilityV1ServiceTest     : Started AvailabilityV1ServiceTest in 2.02 seconds (JVM running for 3.474)
2022-12-06 14:25:46.966  INFO 197667 --- [main] c.m.p.test.AvailabilityV1ServiceTest     : Starting AvailabilityV1ServiceTest using Java 11.0.17 on U-Sujan with PID 197667 (started by sujan in /home/sujan/Documents/restPostgres)
2022-12-06 14:25:46.969  INFO 197667 --- [main] c.m.p.test.AvailabilityV1ServiceTest     : No active profile set, falling back to 1 default profile: "default"
2022-12-06 14:25:48.142  INFO 197667 --- [main] c.m.p.test.AvailabilityV1ServiceTest     : Started AvailabilityV1ServiceTest in 1.934 seconds (JVM running for 3.286)
2022-12-06 14:27:01.142  INFO 197779 --- [main] c.m.p.test.AvailabilityV1ServiceTest     : Starting AvailabilityV1ServiceTest using Java 11.0.17 on U-Sujan with PID 197779 (started by sujan in /home/sujan/Documents/restPostgres)
2022-12-06 14:27:01.145  INFO 197779 --- [main] c.m.p.test.AvailabilityV1ServiceTest     : No active profile set, falling back to 1 default profile: "default"
2022-12-06 14:27:02.330  INFO 197779 --- [main] c.m.p.test.AvailabilityV1ServiceTest     : Started AvailabilityV1ServiceTest in 1.94 seconds (JVM running for 3.329)
2022-12-06 14:29:08.717  INFO 197899 --- [main] c.m.p.test.AvailabilityV1ServiceTest     : Starting AvailabilityV1ServiceTest using Java 11.0.17 on U-Sujan with PID 197899 (started by sujan in /home/sujan/Documents/restPostgres)
2022-12-06 14:29:08.720  INFO 197899 --- [main] c.m.p.test.AvailabilityV1ServiceTest     : No active profile set, falling back to 1 default profile: "default"
2022-12-06 14:29:09.957  INFO 197899 --- [main] c.m.p.test.AvailabilityV1ServiceTest     : Started AvailabilityV1ServiceTest in 2.007 seconds (JVM running for 3.449)
2022-12-06 14:29:26.623  INFO 197981 --- [main] c.m.p.test.AvailabilityV1ServiceTest     : Starting AvailabilityV1ServiceTest using Java 11.0.17 on U-Sujan with PID 197981 (started by sujan in /home/sujan/Documents/restPostgres)
2022-12-06 14:29:26.626  INFO 197981 --- [main] c.m.p.test.AvailabilityV1ServiceTest     : No active profile set, falling back to 1 default profile: "default"
2022-12-06 14:29:28.128  INFO 197981 --- [main] c.m.p.test.AvailabilityV1ServiceTest     : Started AvailabilityV1ServiceTest in 2.249 seconds (JVM running for 4.684)
2022-12-06 14:56:21.304  INFO 199042 --- [main] c.m.p.test.AvailabilityV1ControllerTest  : Starting AvailabilityV1ControllerTest using Java 11.0.17 on U-Sujan with PID 199042 (started by sujan in /home/sujan/Documents/restPostgres)
2022-12-06 14:56:21.307  INFO 199042 --- [main] c.m.p.test.AvailabilityV1ControllerTest  : No active profile set, falling back to 1 default profile: "default"
2022-12-06 14:56:22.517  INFO 199042 --- [main] c.m.p.test.AvailabilityV1ControllerTest  : Started AvailabilityV1ControllerTest in 2.007 seconds (JVM running for 3.548)
2022-12-06 14:56:44.092  INFO 199129 --- [main] c.m.p.test.AvailabilityV1ControllerTest  : Starting AvailabilityV1ControllerTest using Java 11.0.17 on U-Sujan with PID 199129 (started by sujan in /home/sujan/Documents/restPostgres)
2022-12-06 14:56:44.095  INFO 199129 --- [main] c.m.p.test.AvailabilityV1ControllerTest  : No active profile set, falling back to 1 default profile: "default"
2022-12-06 14:56:45.331  INFO 199129 --- [main] c.m.p.test.AvailabilityV1ControllerTest  : Started AvailabilityV1ControllerTest in 2.078 seconds (JVM running for 3.667)
2022-12-06 14:59:27.223  INFO 199265 --- [main] c.m.p.test.AvailabilityV1ControllerTest  : Starting AvailabilityV1ControllerTest using Java 11.0.17 on U-Sujan with PID 199265 (started by sujan in /home/sujan/Documents/restPostgres)
2022-12-06 14:59:27.226  INFO 199265 --- [main] c.m.p.test.AvailabilityV1ControllerTest  : No active profile set, falling back to 1 default profile: "default"
2022-12-06 14:59:28.414  INFO 199265 --- [main] c.m.p.test.AvailabilityV1ControllerTest  : Started AvailabilityV1ControllerTest in 1.917 seconds (JVM running for 3.282)
2022-12-06 15:00:45.304  INFO 199390 --- [main] c.m.p.test.AvailabilityV1ControllerTest  : Starting AvailabilityV1ControllerTest using Java 11.0.17 on U-Sujan with PID 199390 (started by sujan in /home/sujan/Documents/restPostgres)
2022-12-06 15:00:45.307  INFO 199390 --- [main] c.m.p.test.AvailabilityV1ControllerTest  : No active profile set, falling back to 1 default profile: "default"
2022-12-06 15:00:46.663  INFO 199390 --- [main] c.m.p.test.AvailabilityV1ControllerTest  : Started AvailabilityV1ControllerTest in 2.246 seconds (JVM running for 3.921)
2022-12-06 15:14:45.114  INFO 200318 --- [main] c.m.p.test.AvailabilityV1ControllerTest  : Starting AvailabilityV1ControllerTest using Java 11.0.17 on U-Sujan with PID 200318 (started by sujan in /home/sujan/Documents/restPostgres)
2022-12-06 15:14:45.117  INFO 200318 --- [main] c.m.p.test.AvailabilityV1ControllerTest  : No active profile set, falling back to 1 default profile: "default"
2022-12-06 15:14:46.291  INFO 200318 --- [main] c.m.p.test.AvailabilityV1ControllerTest  : Started AvailabilityV1ControllerTest in 1.9 seconds (JVM running for 3.286)
2022-12-06 15:15:37.595  INFO 200403 --- [main] c.m.p.test.AvailabilityV1ControllerTest  : Starting AvailabilityV1ControllerTest using Java 11.0.17 on U-Sujan with PID 200403 (started by sujan in /home/sujan/Documents/restPostgres)
2022-12-06 15:15:37.597  INFO 200403 --- [main] c.m.p.test.AvailabilityV1ControllerTest  : No active profile set, falling back to 1 default profile: "default"
2022-12-06 15:15:38.797  INFO 200403 --- [main] c.m.p.test.AvailabilityV1ControllerTest  : Started AvailabilityV1ControllerTest in 1.937 seconds (JVM running for 3.297)
2022-12-06 15:18:26.462  INFO 200553 --- [main] c.m.p.test.AvailabilityV1ControllerTest  : Starting AvailabilityV1ControllerTest using Java 11.0.17 on U-Sujan with PID 200553 (started by sujan in /home/sujan/Documents/restPostgres)
2022-12-06 15:18:26.465  INFO 200553 --- [main] c.m.p.test.AvailabilityV1ControllerTest  : No active profile set, falling back to 1 default profile: "default"
2022-12-06 15:18:27.773  INFO 200553 --- [main] c.m.p.test.AvailabilityV1ControllerTest  : Started AvailabilityV1ControllerTest in 2.016 seconds (JVM running for 3.806)
2022-12-06 15:18:44.987  INFO 200621 --- [main] c.m.p.test.AvailabilityV1ControllerTest  : Starting AvailabilityV1ControllerTest using Java 11.0.17 on U-Sujan with PID 200621 (started by sujan in /home/sujan/Documents/restPostgres)
2022-12-06 15:18:44.989  INFO 200621 --- [main] c.m.p.test.AvailabilityV1ControllerTest  : No active profile set, falling back to 1 default profile: "default"
2022-12-06 15:18:46.210  INFO 200621 --- [main] c.m.p.test.AvailabilityV1ControllerTest  : Started AvailabilityV1ControllerTest in 1.958 seconds (JVM running for 3.38)
